[16:24:33] [ServerMain/INFO]: [bootstrap] Running Java 21 (OpenJDK 64-Bit Server VM 21.0.5+11-Ubuntu-1ubuntu120.04; Ubuntu null) on Linux 6.5.0-1025-azure (amd64)
[16:24:33] [ServerMain/INFO]: [bootstrap] Loading Paper 1.21-130-master@b1b5d4c (2024-08-10T10:02:42Z) for Minecraft 1.21
[16:24:33] [ServerMain/INFO]: [PluginInitializerManager] Initializing plugins...
[16:24:33] [ServerMain/INFO]: [PluginInitializerManager] Initialized 2 plugins
[16:24:33] [ServerMain/INFO]: [PluginInitializerManager] Bukkit plugins (2):
 - SkinsRestorer (15.5.1), TPA (2.0.0)
[16:24:37] [ServerMain/INFO]: Environment: Environment[sessionHost=https://sessionserver.mojang.com, servicesHost=https://api.minecraftservices.com, name=PROD]
[16:24:39] [ServerMain/INFO]: Loaded 1290 recipes
[16:24:39] [ServerMain/INFO]: Loaded 1399 advancements
[16:24:39] [Server thread/INFO]: Starting minecraft server version 1.21
[16:24:39] [Server thread/INFO]: Loading properties
[16:24:39] [Server thread/INFO]: This server is running Paper version 1.21-130-master@b1b5d4c (2024-08-10T10:02:42Z) (Implementing API version 1.21-R0.1-SNAPSHOT)
[16:24:40] [Server thread/INFO]: [spark] This server bundles the spark profiler. For more information please visit https://docs.papermc.io/paper/profiling
[16:24:40] [Server thread/INFO]: Server Ping Player Sample Count: 12
[16:24:40] [Server thread/INFO]: Using 4 threads for Netty based IO
[16:24:41] [Server thread/INFO]: [ChunkTaskScheduler] Chunk system is using 1 I/O threads, 1 worker threads, and population gen parallelism of 1 threads
[16:24:41] [Server thread/INFO]: Default game type: SURVIVAL
[16:24:41] [Server thread/INFO]: Generating keypair
[16:24:41] [Server thread/INFO]: Starting Minecraft server on *:25565
[16:24:41] [Server thread/INFO]: Using epoll channel type
[16:24:41] [Server thread/INFO]: Paper: Using libdeflate (Linux x86_64) compression from Velocity.
[16:24:41] [Server thread/INFO]: Paper: Using OpenSSL 1.1.x (Linux x86_64) cipher from Velocity.
[16:24:41] [Server thread/INFO]: [TPA] Loading server plugin TPA v2.0.0
[16:24:41] [Server thread/INFO]: [SkinsRestorer] Loading server plugin SkinsRestorer v15.5.1
[16:24:41] [Server thread/INFO]: Server permissions file permissions.yml is empty, ignoring it
[16:24:41] [Server thread/INFO]: [SkinsRestorer] Enabling SkinsRestorer v15.5.1
[16:24:42] [Server thread/WARN]: [SkinsRestorer] You must agree to the rules at 'commands.perSkinPermissionsConsent' in the config to use per skin permissions.
[16:24:43] [Server thread/INFO]: [SkinsRestorer] Running on Minecraft 1.21.0.
[16:24:45] [Server thread/INFO]: [SkinsRestorer] Using paper join listener!
[16:24:45] [Server thread/WARN]: **** SERVER IS RUNNING IN OFFLINE/INSECURE MODE!
[16:24:45] [Server thread/WARN]: The server will make no attempt to authenticate usernames. Beware.
[16:24:45] [Server thread/WARN]: While this makes the game possible to play without internet access, it also opens up the ability for hackers to connect with any username they choose.
[16:24:45] [Server thread/WARN]: To change this, set "online-mode" to "true" in the server.properties file.
[16:24:45] [Server thread/INFO]: Preparing level "world"
[16:24:45] [Folia Async Scheduler Thread #1/INFO]: [SkinsRestorer] ----------------------------------------------
[16:24:45] [Folia Async Scheduler Thread #1/INFO]: [SkinsRestorer]     +==================+
[16:24:45] [Folia Async Scheduler Thread #1/INFO]: [SkinsRestorer]     |   SkinsRestorer  |
[16:24:45] [Folia Async Scheduler Thread #1/INFO]: [SkinsRestorer]     |------------------|
[16:24:45] [Folia Async Scheduler Thread #1/INFO]: [SkinsRestorer]     |  Standalone Mode |
[16:24:45] [Folia Async Scheduler Thread #1/INFO]: [SkinsRestorer]     +==================+
[16:24:45] [Folia Async Scheduler Thread #1/INFO]: [SkinsRestorer] ----------------------------------------------
[16:24:45] [Folia Async Scheduler Thread #1/INFO]: [SkinsRestorer]     Version: 15.5.1
[16:24:45] [Folia Async Scheduler Thread #1/INFO]: [SkinsRestorer]     Commit: d5d8613
[16:24:45] [Folia Async Scheduler Thread #1/INFO]: [SkinsRestorer]     This is the latest version!
[16:24:45] [Folia Async Scheduler Thread #1/INFO]: [SkinsRestorer] ----------------------------------------------
[16:24:45] [Folia Async Scheduler Thread #1/INFO]: [SkinsRestorer] Do you have issues? Read our troubleshooting guide: https://skinsrestorer.net/docs/troubleshooting
[16:24:45] [Folia Async Scheduler Thread #1/INFO]: [SkinsRestorer] Want to support SkinsRestorer? Consider donating: https://skinsrestorer.net/donate
[16:24:45] [Server thread/INFO]: Preparing start region for dimension minecraft:overworld
[16:24:46] [Server thread/INFO]: Time elapsed: 1273 ms
[16:24:46] [Server thread/INFO]: Preparing start region for dimension minecraft:the_nether
[16:24:47] [Server thread/INFO]: Time elapsed: 293 ms
[16:24:47] [Server thread/INFO]: Preparing start region for dimension minecraft:the_end
[16:24:47] [Server thread/INFO]: Time elapsed: 124 ms
[16:24:47] [Server thread/INFO]: [TPA] Enabling TPA v2.0.0
[16:24:47] [Server thread/INFO]: [TPA] 插件已成功加载！当前服务端为：Paper
[16:24:47] [Server thread/INFO]: [spark] Starting background profiler...
[16:24:47] [Server thread/INFO]: Done preparing level "world" (2.819s)
[16:24:47] [Server thread/INFO]: Running delayed init tasks
[16:24:48] [Server thread/INFO]: Done (15.787s)! For help, type "help"
[16:24:48] [Server thread/INFO]: Timings Reset
[16:24:48] [User Authenticator #0/INFO]: UUID of player VZ1314 is 8aa0139d-8074-39aa-8037-c4d663942ae1
[16:24:52] [Server thread/INFO]: VZ1314 joined the game
[16:24:53] [Server thread/INFO]: VZ1314[/[0:0:0:0:0:0:0:1%0]:38724] logged in with entity id 16 at ([world]660.5157818282922, -52.833890739061786, 1745.6778769050948)
[16:24:53] [Server thread/WARN]: [ca.spottedleaf.moonrise.patches.chunk_system.level.entity.EntityLookup] Entity uuid already exists: 9ae9276d-c074-429c-8966-12e42c503bdf, mapped to Skeleton['Skeleton'/19, uuid='9ae9276d-c074-429c-8966-12e42c503bdf', l='ServerLevel[world]', x=651.50, y=68.00, z=1744.50, cpos=[40, 109], tl=2, v=true], can't add Skeleton['Skeleton'/21, uuid='9ae9276d-c074-429c-8966-12e42c503bdf', l='ServerLevel[world]', x=645.97, y=68.00, z=1741.99, cpos=[40, 108], tl=67, v=false]
[16:24:53] [Server thread/WARN]: [ca.spottedleaf.moonrise.patches.chunk_system.level.entity.EntityLookup] Entity uuid already exists: 4185aaf6-9fbc-4ec4-8242-ca1492b87dbf, mapped to Bat['Bat'/81, uuid='4185aaf6-9fbc-4ec4-8242-ca1492b87dbf', l='ServerLevel[world]', x=621.52, y=-29.35, z=1806.45, cpos=[38, 112], tl=1769, v=true], can't add Bat['Bat'/95, uuid='4185aaf6-9fbc-4ec4-8242-ca1492b87dbf', l='ServerLevel[world]', x=625.34, y=-25.75, z=1808.56, cpos=[39, 113], tl=1663, v=false]
[16:24:59] [Async Chat Thread - #0/INFO]: [Not Secure] <VZ1314> a
[16:25:01] [Async Chat Thread - #0/INFO]: [Not Secure] <VZ1314> ya
[16:25:23] [Async Chat Thread - #1/INFO]: [Not Secure] <VZ1314> a
[16:25:23] [Async Chat Thread - #0/INFO]: [Not Secure] <VZ1314> a
[16:25:24] [User Authenticator #0/INFO]: UUID of player VZ1314 is 8aa0139d-8074-39aa-8037-c4d663942ae1
[16:25:25] [Server thread/INFO]: VZ1314 lost connection: You logged in from another location
[16:25:25] [Server thread/INFO]: VZ1314 left the game
[16:25:27] [Server thread/INFO]: VZ1314 joined the game
[16:25:27] [Server thread/INFO]: VZ1314[/[0:0:0:0:0:0:0:1%0]:38050] logged in with entity id 327 at ([world]599.4431886985426, -53.0, 1768.3612246196726)
[16:25:29] [Async Chat Thread - #0/INFO]: [Not Secure] <VZ1314> a
[16:25:36] [Async Chat Thread - #0/INFO]: [Not Secure] <VZ1314> wat a sigma
[16:25:45] [Async Chat Thread - #0/INFO]: [Not Secure] <VZ1314> lol
[16:26:52] [Async Chat Thread - #2/INFO]: [Not Secure] <VZ1314> eeee
[16:26:55] [Async Chat Thread - #2/INFO]: [Not Secure] <VZ1314> t amo santi
[16:26:57] [Async Chat Thread - #2/INFO]: [Not Secure] <VZ1314> <3
[16:27:00] [Async Chat Thread - #2/INFO]: [Not Secure] <VZ1314> XD
[16:28:02] [Async Chat Thread - #4/INFO]: [Not Secure] <VZ1314> lol
